<?xml version="1.0" encoding="UTF-8"?>
<testng-results skipped="0" failed="0" total="2" passed="2">
  <reporter-output>
  </reporter-output>
  <suite name="Default suite" duration-ms="23163" started-at="2022-05-15T07:52:50Z" finished-at="2022-05-15T07:53:13Z">
    <groups>
    </groups>
    <test name="Default test" duration-ms="23163" started-at="2022-05-15T07:52:50Z" finished-at="2022-05-15T07:53:13Z">
      <class name="com.wh.qa.tests.FacebookPageTest">
        <test-method status="PASS" signature="setUp()[pri:0, instance:com.wh.qa.tests.FacebookPageTest@2a3b5b47]" name="setUp" is-config="true" duration-ms="7279" started-at="2022-05-15T13:22:50Z" finished-at="2022-05-15T13:22:57Z">
          <reporter-output>
          </reporter-output>
        </test-method> <!-- setUp -->
        <test-method status="PASS" signature="loginPageTitleTest()[pri:1, instance:com.wh.qa.tests.FacebookPageTest@2a3b5b47]" name="loginPageTitleTest" duration-ms="74" started-at="2022-05-15T13:22:57Z" finished-at="2022-05-15T13:22:57Z">
          <reporter-output>
          </reporter-output>
        </test-method> <!-- loginPageTitleTest -->
        <test-method status="PASS" signature="tearDown()[pri:0, instance:com.wh.qa.tests.FacebookPageTest@2a3b5b47]" name="tearDown" is-config="true" duration-ms="4224" started-at="2022-05-15T13:22:57Z" finished-at="2022-05-15T13:23:01Z">
          <reporter-output>
          </reporter-output>
        </test-method> <!-- tearDown -->
        <test-method status="PASS" signature="setUp()[pri:0, instance:com.wh.qa.tests.FacebookPageTest@2a3b5b47]" name="setUp" is-config="true" duration-ms="6844" started-at="2022-05-15T13:23:01Z" finished-at="2022-05-15T13:23:08Z">
          <reporter-output>
          </reporter-output>
        </test-method> <!-- setUp -->
        <test-method status="PASS" signature="loginTest()[pri:2, instance:com.wh.qa.tests.FacebookPageTest@2a3b5b47]" name="loginTest" duration-ms="482" started-at="2022-05-15T13:23:08Z" finished-at="2022-05-15T13:23:09Z">
          <reporter-output>
          </reporter-output>
        </test-method> <!-- loginTest -->
        <test-method status="PASS" signature="tearDown()[pri:0, instance:com.wh.qa.tests.FacebookPageTest@2a3b5b47]" name="tearDown" is-config="true" duration-ms="4232" started-at="2022-05-15T13:23:09Z" finished-at="2022-05-15T13:23:13Z">
          <reporter-output>
          </reporter-output>
        </test-method> <!-- tearDown -->
      </class> <!-- com.wh.qa.tests.FacebookPageTest -->
    </test> <!-- Default test -->
  </suite> <!-- Default suite -->
</testng-results>
